[2022-10-20 23:58:02,624] multiqc                                            [DEBUG  ]  This is MultiQC v1.13
[2022-10-20 23:58:02,624] multiqc                                            [DEBUG  ]  Command used: /home/jediknight/miniconda3/envs/ngs/bin/multiqc oilMP_S4_L001_R1_001_sample.fastq.int_trimmed_fastqc.zip oilMP_S4_L001_R2_001_sample.fastq.int_trimmed_fastqc.zip oil_R1_sample.fastq.trimmed_fastqc.zip oil_R2_sample.fastq.trimmed_fastqc.zip
[2022-10-20 23:58:03,802] multiqc                                            [DEBUG  ]  Latest MultiQC version is v1.13
[2022-10-20 23:58:03,802] multiqc                                            [DEBUG  ]  Working dir : /home/jediknight/Documents/SmallPythons/HSE2022/minor_bioinf_1/hw1_taina/data
[2022-10-20 23:58:03,802] multiqc                                            [DEBUG  ]  Template    : default
[2022-10-20 23:58:03,802] multiqc                                            [DEBUG  ]  Running Python 3.10.6 | packaged by conda-forge | (main, Aug 22 2022, 20:36:39) [GCC 10.4.0]
[2022-10-20 23:58:03,802] multiqc                                            [DEBUG  ]  Analysing modules: custom_content, ccs, ngsderive, purple, conpair, lima, peddy, somalier, methylQA, mosdepth, phantompeakqualtools, qualimap, preseq, quast, qorts, rna_seqc, rockhopper, rsem, rseqc, busco, bustools, goleft_indexcov, gffcompare, disambiguate, supernova, deeptools, sargasso, verifybamid, mirtrace, happy, mirtop, sambamba, homer, hops, macs2, theta2, snpeff, gatk, htseq, bcftools, featureCounts, fgbio, dragen, dedup, pbmarkdup, damageprofiler, biobambam2, jcvi, mtnucratio, picard, vep, sentieon, prokka, qc3C, nanostat, samblaster, samtools, sexdeterrmine, eigenstratdatabasetools, bamtools, jellyfish, vcftools, longranger, stacks, varscan2, snippy, bbmap, bismark, biscuit, hicexplorer, hicup, hicpro, salmon, kallisto, slamdunk, star, hisat2, tophat, bowtie2, bowtie1, snpsplit, odgi, pangolin, kat, leehom, adapterRemoval, clipandmerge, cutadapt, flexbar, kaiju, kraken, malt, trimmomatic, sickle, skewer, sortmerna, biobloomtools, fastq_screen, afterqc, fastp, fastqc, pychopper, pycoqc, minionqc, multivcfanalyzer, clusterflow, checkqc, bcl2fastq, bclconvert, interop, ivar, flash, seqyclean, optitype, whatshap
[2022-10-20 23:58:03,802] multiqc                                            [DEBUG  ]  Using temporary directory for creating report: /tmp/tmp6wt_hvjs
[2022-10-20 23:58:03,953] multiqc                                            [INFO   ]  Search path : /home/jediknight/Documents/SmallPythons/HSE2022/minor_bioinf_1/hw1_taina/data/oilMP_S4_L001_R1_001_sample.fastq.int_trimmed_fastqc.zip
[2022-10-20 23:58:03,953] multiqc                                            [INFO   ]  Search path : /home/jediknight/Documents/SmallPythons/HSE2022/minor_bioinf_1/hw1_taina/data/oilMP_S4_L001_R2_001_sample.fastq.int_trimmed_fastqc.zip
[2022-10-20 23:58:03,953] multiqc                                            [INFO   ]  Search path : /home/jediknight/Documents/SmallPythons/HSE2022/minor_bioinf_1/hw1_taina/data/oil_R1_sample.fastq.trimmed_fastqc.zip
[2022-10-20 23:58:03,953] multiqc                                            [INFO   ]  Search path : /home/jediknight/Documents/SmallPythons/HSE2022/minor_bioinf_1/hw1_taina/data/oil_R2_sample.fastq.trimmed_fastqc.zip
[2022-10-20 23:58:03,967] multiqc                                            [DEBUG  ]  Summary of files that were skipped by the search: []
[2022-10-20 23:58:04,260] multiqc.plots.bargraph                             [DEBUG  ]  Using matplotlib version 3.6.1
[2022-10-20 23:58:04,261] multiqc.plots.linegraph                            [DEBUG  ]  Using matplotlib version 3.6.1
[2022-10-20 23:58:04,262] multiqc                                            [DEBUG  ]  No samples found: custom_content
[2022-10-20 23:58:04,324] multiqc.modules.fastqc.fastqc                      [INFO   ]  Found 4 reports
[2022-10-20 23:58:04,382] multiqc                                            [INFO   ]  Compressing plot data
[2022-10-20 23:58:04,439] multiqc                                            [INFO   ]  Report      : multiqc_report.html
[2022-10-20 23:58:04,439] multiqc                                            [INFO   ]  Data        : multiqc_data
[2022-10-20 23:58:04,439] multiqc                                            [DEBUG  ]  Moving data file from '/tmp/tmp6wt_hvjs/multiqc_data' to '/home/jediknight/Documents/SmallPythons/HSE2022/minor_bioinf_1/hw1_taina/data/multiqc_data'
[2022-10-20 23:58:04,512] multiqc                                            [INFO   ]  MultiQC complete
